The system is: Linux - 3.2.0-89-generic - i686
Compiling the C compiler identification source file "CMakeCCompilerId.c" succeeded.
Compiler: /usr/bin/gcc 
Build flags: 
Id flags: 

The output was:
0


Compilation of the C compiler identification source "CMakeCCompilerId.c" produced "a.out"

The C compiler identification is GNU, found in "/home/tt/Bureau/4vet_01/Samples/Basic/build/CMakeFiles/3.3.1/CompilerIdC/a.out"

Compiling the CXX compiler identification source file "CMakeCXXCompilerId.cpp" succeeded.
Compiler: /usr/bin/g++ 
Build flags: 
Id flags: 

The output was:
0


Compilation of the CXX compiler identification source "CMakeCXXCompilerId.cpp" produced "a.out"

The CXX compiler identification is GNU, found in "/home/tt/Bureau/4vet_01/Samples/Basic/build/CMakeFiles/3.3.1/CompilerIdCXX/a.out"

Determining if the C compiler works passed with the following output:
Change Dir: /home/tt/Bureau/4vet_01/Samples/Basic/build/CMakeFiles/CMakeTmp

Run Build Command:"/usr/bin/make" "cmTC_2c1fa/fast"
/usr/bin/make -f CMakeFiles/cmTC_2c1fa.dir/build.make CMakeFiles/cmTC_2c1fa.dir/build
make[1]: Entering directory `/home/tt/Bureau/4vet_01/Samples/Basic/build/CMakeFiles/CMakeTmp'
Building C object CMakeFiles/cmTC_2c1fa.dir/testCCompiler.c.o
/usr/bin/gcc    -o CMakeFiles/cmTC_2c1fa.dir/testCCompiler.c.o   -c /home/tt/Bureau/4vet_01/Samples/Basic/build/CMakeFiles/CMakeTmp/testCCompiler.c
Linking C executable cmTC_2c1fa
/usr/local/bin/cmake -E cmake_link_script CMakeFiles/cmTC_2c1fa.dir/link.txt --verbose=1
/usr/bin/gcc       CMakeFiles/cmTC_2c1fa.dir/testCCompiler.c.o  -o cmTC_2c1fa -rdynamic 
make[1]: Leaving directory `/home/tt/Bureau/4vet_01/Samples/Basic/build/CMakeFiles/CMakeTmp'


Detecting C compiler ABI info compiled with the following output:
Change Dir: /home/tt/Bureau/4vet_01/Samples/Basic/build/CMakeFiles/CMakeTmp

Run Build Command:"/usr/bin/make" "cmTC_eafe7/fast"
/usr/bin/make -f CMakeFiles/cmTC_eafe7.dir/build.make CMakeFiles/cmTC_eafe7.dir/build
make[1]: Entering directory `/home/tt/Bureau/4vet_01/Samples/Basic/build/CMakeFiles/CMakeTmp'
Building C object CMakeFiles/cmTC_eafe7.dir/CMakeCCompilerABI.c.o
/usr/bin/gcc    -o CMakeFiles/cmTC_eafe7.dir/CMakeCCompilerABI.c.o   -c /usr/local/share/cmake-3.3/Modules/CMakeCCompilerABI.c
Linking C executable cmTC_eafe7
/usr/local/bin/cmake -E cmake_link_script CMakeFiles/cmTC_eafe7.dir/link.txt --verbose=1
/usr/bin/gcc      -v CMakeFiles/cmTC_eafe7.dir/CMakeCCompilerABI.c.o  -o cmTC_eafe7 -rdynamic  
Using built-in specs.
COLLECT_GCC=/usr/bin/gcc
COLLECT_LTO_WRAPPER=/usr/lib/gcc/i686-linux-gnu/4.6/lto-wrapper
Target: i686-linux-gnu
Configured with: ../src/configure -v --with-pkgversion='Ubuntu/Linaro 4.6.3-1ubuntu5' --with-bugurl=file:///usr/share/doc/gcc-4.6/README.Bugs --enable-languages=c,c++,fortran,objc,obj-c++ --prefix=/usr --program-suffix=-4.6 --enable-shared --enable-linker-build-id --with-system-zlib --libexecdir=/usr/lib --without-included-gettext --enable-threads=posix --with-gxx-include-dir=/usr/include/c++/4.6 --libdir=/usr/lib --enable-nls --with-sysroot=/ --enable-clocale=gnu --enable-libstdcxx-debug --enable-libstdcxx-time=yes --enable-gnu-unique-object --enable-plugin --enable-objc-gc --enable-targets=all --disable-werror --with-arch-32=i686 --with-tune=generic --enable-checking=release --build=i686-linux-gnu --host=i686-linux-gnu --target=i686-linux-gnu
Thread model: posix
gcc version 4.6.3 (Ubuntu/Linaro 4.6.3-1ubuntu5) 
COMPILER_PATH=/usr/lib/gcc/i686-linux-gnu/4.6/:/usr/lib/gcc/i686-linux-gnu/4.6/:/usr/lib/gcc/i686-linux-gnu/:/usr/lib/gcc/i686-linux-gnu/4.6/:/usr/lib/gcc/i686-linux-gnu/
LIBRARY_PATH=/usr/lib/gcc/i686-linux-gnu/4.6/:/usr/lib/gcc/i686-linux-gnu/4.6/../../../i386-linux-gnu/:/usr/lib/gcc/i686-linux-gnu/4.6/../../../../lib/:/lib/i386-linux-gnu/:/lib/../lib/:/usr/lib/i386-linux-gnu/:/usr/lib/../lib/:/usr/lib/gcc/i686-linux-gnu/4.6/../../../:/lib/:/usr/lib/
COLLECT_GCC_OPTIONS='-v' '-o' 'cmTC_eafe7' '-rdynamic' '-mtune=generic' '-march=i686'
 /usr/lib/gcc/i686-linux-gnu/4.6/collect2 --sysroot=/ --build-id --no-add-needed --as-needed --eh-frame-hdr -m elf_i386 --hash-style=gnu -export-dynamic -dynamic-linker /lib/ld-linux.so.2 -z relro -o cmTC_eafe7 /usr/lib/gcc/i686-linux-gnu/4.6/../../../i386-linux-gnu/crt1.o /usr/lib/gcc/i686-linux-gnu/4.6/../../../i386-linux-gnu/crti.o /usr/lib/gcc/i686-linux-gnu/4.6/crtbegin.o -L/usr/lib/gcc/i686-linux-gnu/4.6 -L/usr/lib/gcc/i686-linux-gnu/4.6/../../../i386-linux-gnu -L/usr/lib/gcc/i686-linux-gnu/4.6/../../../../lib -L/lib/i386-linux-gnu -L/lib/../lib -L/usr/lib/i386-linux-gnu -L/usr/lib/../lib -L/usr/lib/gcc/i686-linux-gnu/4.6/../../.. CMakeFiles/cmTC_eafe7.dir/CMakeCCompilerABI.c.o -lgcc --as-needed -lgcc_s --no-as-needed -lc -lgcc --as-needed -lgcc_s --no-as-needed /usr/lib/gcc/i686-linux-gnu/4.6/crtend.o /usr/lib/gcc/i686-linux-gnu/4.6/../../../i386-linux-gnu/crtn.o
make[1]: Leaving directory `/home/tt/Bureau/4vet_01/Samples/Basic/build/CMakeFiles/CMakeTmp'


Parsed C implicit link information from above output:
  link line regex: [^( *|.*[/\])(ld|([^/\]+-)?ld|collect2)[^/\]*( |$)]
  ignore line: [Change Dir: /home/tt/Bureau/4vet_01/Samples/Basic/build/CMakeFiles/CMakeTmp]
  ignore line: []
  ignore line: [Run Build Command:"/usr/bin/make" "cmTC_eafe7/fast"]
  ignore line: [/usr/bin/make -f CMakeFiles/cmTC_eafe7.dir/build.make CMakeFiles/cmTC_eafe7.dir/build]
  ignore line: [make[1]: Entering directory `/home/tt/Bureau/4vet_01/Samples/Basic/build/CMakeFiles/CMakeTmp']
  ignore line: [Building C object CMakeFiles/cmTC_eafe7.dir/CMakeCCompilerABI.c.o]
  ignore line: [/usr/bin/gcc    -o CMakeFiles/cmTC_eafe7.dir/CMakeCCompilerABI.c.o   -c /usr/local/share/cmake-3.3/Modules/CMakeCCompilerABI.c]
  ignore line: [Linking C executable cmTC_eafe7]
  ignore line: [/usr/local/bin/cmake -E cmake_link_script CMakeFiles/cmTC_eafe7.dir/link.txt --verbose=1]
  ignore line: [/usr/bin/gcc      -v CMakeFiles/cmTC_eafe7.dir/CMakeCCompilerABI.c.o  -o cmTC_eafe7 -rdynamic  ]
  ignore line: [Using built-in specs.]
  ignore line: [COLLECT_GCC=/usr/bin/gcc]
  ignore line: [COLLECT_LTO_WRAPPER=/usr/lib/gcc/i686-linux-gnu/4.6/lto-wrapper]
  ignore line: [Target: i686-linux-gnu]
  ignore line: [Configured with: ../src/configure -v --with-pkgversion='Ubuntu/Linaro 4.6.3-1ubuntu5' --with-bugurl=file:///usr/share/doc/gcc-4.6/README.Bugs --enable-languages=c,c++,fortran,objc,obj-c++ --prefix=/usr --program-suffix=-4.6 --enable-shared --enable-linker-build-id --with-system-zlib --libexecdir=/usr/lib --without-included-gettext --enable-threads=posix --with-gxx-include-dir=/usr/include/c++/4.6 --libdir=/usr/lib --enable-nls --with-sysroot=/ --enable-clocale=gnu --enable-libstdcxx-debug --enable-libstdcxx-time=yes --enable-gnu-unique-object --enable-plugin --enable-objc-gc --enable-targets=all --disable-werror --with-arch-32=i686 --with-tune=generic --enable-checking=release --build=i686-linux-gnu --host=i686-linux-gnu --target=i686-linux-gnu]
  ignore line: [Thread model: posix]
  ignore line: [gcc version 4.6.3 (Ubuntu/Linaro 4.6.3-1ubuntu5) ]
  ignore line: [COMPILER_PATH=/usr/lib/gcc/i686-linux-gnu/4.6/:/usr/lib/gcc/i686-linux-gnu/4.6/:/usr/lib/gcc/i686-linux-gnu/:/usr/lib/gcc/i686-linux-gnu/4.6/:/usr/lib/gcc/i686-linux-gnu/]
  ignore line: [LIBRARY_PATH=/usr/lib/gcc/i686-linux-gnu/4.6/:/usr/lib/gcc/i686-linux-gnu/4.6/../../../i386-linux-gnu/:/usr/lib/gcc/i686-linux-gnu/4.6/../../../../lib/:/lib/i386-linux-gnu/:/lib/../lib/:/usr/lib/i386-linux-gnu/:/usr/lib/../lib/:/usr/lib/gcc/i686-linux-gnu/4.6/../../../:/lib/:/usr/lib/]
  ignore line: [COLLECT_GCC_OPTIONS='-v' '-o' 'cmTC_eafe7' '-rdynamic' '-mtune=generic' '-march=i686']
  link line: [ /usr/lib/gcc/i686-linux-gnu/4.6/collect2 --sysroot=/ --build-id --no-add-needed --as-needed --eh-frame-hdr -m elf_i386 --hash-style=gnu -export-dynamic -dynamic-linker /lib/ld-linux.so.2 -z relro -o cmTC_eafe7 /usr/lib/gcc/i686-linux-gnu/4.6/../../../i386-linux-gnu/crt1.o /usr/lib/gcc/i686-linux-gnu/4.6/../../../i386-linux-gnu/crti.o /usr/lib/gcc/i686-linux-gnu/4.6/crtbegin.o -L/usr/lib/gcc/i686-linux-gnu/4.6 -L/usr/lib/gcc/i686-linux-gnu/4.6/../../../i386-linux-gnu -L/usr/lib/gcc/i686-linux-gnu/4.6/../../../../lib -L/lib/i386-linux-gnu -L/lib/../lib -L/usr/lib/i386-linux-gnu -L/usr/lib/../lib -L/usr/lib/gcc/i686-linux-gnu/4.6/../../.. CMakeFiles/cmTC_eafe7.dir/CMakeCCompilerABI.c.o -lgcc --as-needed -lgcc_s --no-as-needed -lc -lgcc --as-needed -lgcc_s --no-as-needed /usr/lib/gcc/i686-linux-gnu/4.6/crtend.o /usr/lib/gcc/i686-linux-gnu/4.6/../../../i386-linux-gnu/crtn.o]
    arg [/usr/lib/gcc/i686-linux-gnu/4.6/collect2] ==> ignore
    arg [--sysroot=/] ==> ignore
    arg [--build-id] ==> ignore
    arg [--no-add-needed] ==> ignore
    arg [--as-needed] ==> ignore
    arg [--eh-frame-hdr] ==> ignore
    arg [-m] ==> ignore
    arg [elf_i386] ==> ignore
    arg [--hash-style=gnu] ==> ignore
    arg [-export-dynamic] ==> ignore
    arg [-dynamic-linker] ==> ignore
    arg [/lib/ld-linux.so.2] ==> ignore
    arg [-zrelro] ==> ignore
    arg [-o] ==> ignore
    arg [cmTC_eafe7] ==> ignore
    arg [/usr/lib/gcc/i686-linux-gnu/4.6/../../../i386-linux-gnu/crt1.o] ==> ignore
    arg [/usr/lib/gcc/i686-linux-gnu/4.6/../../../i386-linux-gnu/crti.o] ==> ignore
    arg [/usr/lib/gcc/i686-linux-gnu/4.6/crtbegin.o] ==> ignore
    arg [-L/usr/lib/gcc/i686-linux-gnu/4.6] ==> dir [/usr/lib/gcc/i686-linux-gnu/4.6]
    arg [-L/usr/lib/gcc/i686-linux-gnu/4.6/../../../i386-linux-gnu] ==> dir [/usr/lib/gcc/i686-linux-gnu/4.6/../../../i386-linux-gnu]
    arg [-L/usr/lib/gcc/i686-linux-gnu/4.6/../../../../lib] ==> dir [/usr/lib/gcc/i686-linux-gnu/4.6/../../../../lib]
    arg [-L/lib/i386-linux-gnu] ==> dir [/lib/i386-linux-gnu]
    arg [-L/lib/../lib] ==> dir [/lib/../lib]
    arg [-L/usr/lib/i386-linux-gnu] ==> dir [/usr/lib/i386-linux-gnu]
    arg [-L/usr/lib/../lib] ==> dir [/usr/lib/../lib]
    arg [-L/usr/lib/gcc/i686-linux-gnu/4.6/../../..] ==> dir [/usr/lib/gcc/i686-linux-gnu/4.6/../../..]
    arg [CMakeFiles/cmTC_eafe7.dir/CMakeCCompilerABI.c.o] ==> ignore
    arg [-lgcc] ==> lib [gcc]
    arg [--as-needed] ==> ignore
    arg [-lgcc_s] ==> lib [gcc_s]
    arg [--no-as-needed] ==> ignore
    arg [-lc] ==> lib [c]
    arg [-lgcc] ==> lib [gcc]
    arg [--as-needed] ==> ignore
    arg [-lgcc_s] ==> lib [gcc_s]
    arg [--no-as-needed] ==> ignore
    arg [/usr/lib/gcc/i686-linux-gnu/4.6/crtend.o] ==> ignore
    arg [/usr/lib/gcc/i686-linux-gnu/4.6/../../../i386-linux-gnu/crtn.o] ==> ignore
  remove lib [gcc]
  remove lib [gcc_s]
  remove lib [gcc]
  remove lib [gcc_s]
  collapse library dir [/usr/lib/gcc/i686-linux-gnu/4.6] ==> [/usr/lib/gcc/i686-linux-gnu/4.6]
  collapse library dir [/usr/lib/gcc/i686-linux-gnu/4.6/../../../i386-linux-gnu] ==> [/usr/lib/i386-linux-gnu]
  collapse library dir [/usr/lib/gcc/i686-linux-gnu/4.6/../../../../lib] ==> [/usr/lib]
  collapse library dir [/lib/i386-linux-gnu] ==> [/lib/i386-linux-gnu]
  collapse library dir [/lib/../lib] ==> [/lib]
  collapse library dir [/usr/lib/i386-linux-gnu] ==> [/usr/lib/i386-linux-gnu]
  collapse library dir [/usr/lib/../lib] ==> [/usr/lib]
  collapse library dir [/usr/lib/gcc/i686-linux-gnu/4.6/../../..] ==> [/usr/lib]
  implicit libs: [c]
  implicit dirs: [/usr/lib/gcc/i686-linux-gnu/4.6;/usr/lib/i386-linux-gnu;/usr/lib;/lib/i386-linux-gnu;/lib]
  implicit fwks: []




Detecting C [-std=c1x] compiler features compiled with the following output:
Change Dir: /home/tt/Bureau/4vet_01/Samples/Basic/build/CMakeFiles/CMakeTmp

Run Build Command:"/usr/bin/make" "cmTC_b2ea9/fast"
/usr/bin/make -f CMakeFiles/cmTC_b2ea9.dir/build.make CMakeFiles/cmTC_b2ea9.dir/build
make[1]: Entering directory `/home/tt/Bureau/4vet_01/Samples/Basic/build/CMakeFiles/CMakeTmp'
Building C object CMakeFiles/cmTC_b2ea9.dir/feature_tests.c.o
/usr/bin/gcc   -std=c1x -o CMakeFiles/cmTC_b2ea9.dir/feature_tests.c.o   -c /home/tt/Bureau/4vet_01/Samples/Basic/build/CMakeFiles/feature_tests.c
Linking C executable cmTC_b2ea9
/usr/local/bin/cmake -E cmake_link_script CMakeFiles/cmTC_b2ea9.dir/link.txt --verbose=1
/usr/bin/gcc       CMakeFiles/cmTC_b2ea9.dir/feature_tests.c.o  -o cmTC_b2ea9 -rdynamic 
make[1]: Leaving directory `/home/tt/Bureau/4vet_01/Samples/Basic/build/CMakeFiles/CMakeTmp'


    Feature record: C_FEATURE:1c_function_prototypes
    Feature record: C_FEATURE:1c_restrict
    Feature record: C_FEATURE:1c_static_assert
    Feature record: C_FEATURE:1c_variadic_macros


Detecting C [-std=c99] compiler features compiled with the following output:
Change Dir: /home/tt/Bureau/4vet_01/Samples/Basic/build/CMakeFiles/CMakeTmp

Run Build Command:"/usr/bin/make" "cmTC_a27fc/fast"
/usr/bin/make -f CMakeFiles/cmTC_a27fc.dir/build.make CMakeFiles/cmTC_a27fc.dir/build
make[1]: Entering directory `/home/tt/Bureau/4vet_01/Samples/Basic/build/CMakeFiles/CMakeTmp'
Building C object CMakeFiles/cmTC_a27fc.dir/feature_tests.c.o
/usr/bin/gcc   -std=c99 -o CMakeFiles/cmTC_a27fc.dir/feature_tests.c.o   -c /home/tt/Bureau/4vet_01/Samples/Basic/build/CMakeFiles/feature_tests.c
Linking C executable cmTC_a27fc
/usr/local/bin/cmake -E cmake_link_script CMakeFiles/cmTC_a27fc.dir/link.txt --verbose=1
/usr/bin/gcc       CMakeFiles/cmTC_a27fc.dir/feature_tests.c.o  -o cmTC_a27fc -rdynamic 
make[1]: Leaving directory `/home/tt/Bureau/4vet_01/Samples/Basic/build/CMakeFiles/CMakeTmp'


    Feature record: C_FEATURE:1c_function_prototypes
    Feature record: C_FEATURE:1c_restrict
    Feature record: C_FEATURE:0c_static_assert
    Feature record: C_FEATURE:1c_variadic_macros


Detecting C [-std=c90] compiler features compiled with the following output:
Change Dir: /home/tt/Bureau/4vet_01/Samples/Basic/build/CMakeFiles/CMakeTmp

Run Build Command:"/usr/bin/make" "cmTC_dbc28/fast"
/usr/bin/make -f CMakeFiles/cmTC_dbc28.dir/build.make CMakeFiles/cmTC_dbc28.dir/build
make[1]: Entering directory `/home/tt/Bureau/4vet_01/Samples/Basic/build/CMakeFiles/CMakeTmp'
Building C object CMakeFiles/cmTC_dbc28.dir/feature_tests.c.o
/usr/bin/gcc   -std=c90 -o CMakeFiles/cmTC_dbc28.dir/feature_tests.c.o   -c /home/tt/Bureau/4vet_01/Samples/Basic/build/CMakeFiles/feature_tests.c
Linking C executable cmTC_dbc28
/usr/local/bin/cmake -E cmake_link_script CMakeFiles/cmTC_dbc28.dir/link.txt --verbose=1
/usr/bin/gcc       CMakeFiles/cmTC_dbc28.dir/feature_tests.c.o  -o cmTC_dbc28 -rdynamic 
make[1]: Leaving directory `/home/tt/Bureau/4vet_01/Samples/Basic/build/CMakeFiles/CMakeTmp'


    Feature record: C_FEATURE:1c_function_prototypes
    Feature record: C_FEATURE:0c_restrict
    Feature record: C_FEATURE:0c_static_assert
    Feature record: C_FEATURE:0c_variadic_macros
Determining if the CXX compiler works passed with the following output:
Change Dir: /home/tt/Bureau/4vet_01/Samples/Basic/build/CMakeFiles/CMakeTmp

Run Build Command:"/usr/bin/make" "cmTC_721a5/fast"
/usr/bin/make -f CMakeFiles/cmTC_721a5.dir/build.make CMakeFiles/cmTC_721a5.dir/build
make[1]: Entering directory `/home/tt/Bureau/4vet_01/Samples/Basic/build/CMakeFiles/CMakeTmp'
Building CXX object CMakeFiles/cmTC_721a5.dir/testCXXCompiler.cxx.o
/usr/bin/g++     -o CMakeFiles/cmTC_721a5.dir/testCXXCompiler.cxx.o -c /home/tt/Bureau/4vet_01/Samples/Basic/build/CMakeFiles/CMakeTmp/testCXXCompiler.cxx
Linking CXX executable cmTC_721a5
/usr/local/bin/cmake -E cmake_link_script CMakeFiles/cmTC_721a5.dir/link.txt --verbose=1
/usr/bin/g++        CMakeFiles/cmTC_721a5.dir/testCXXCompiler.cxx.o  -o cmTC_721a5 -rdynamic 
make[1]: Leaving directory `/home/tt/Bureau/4vet_01/Samples/Basic/build/CMakeFiles/CMakeTmp'


Detecting CXX compiler ABI info compiled with the following output:
Change Dir: /home/tt/Bureau/4vet_01/Samples/Basic/build/CMakeFiles/CMakeTmp

Run Build Command:"/usr/bin/make" "cmTC_dfcc1/fast"
/usr/bin/make -f CMakeFiles/cmTC_dfcc1.dir/build.make CMakeFiles/cmTC_dfcc1.dir/build
make[1]: Entering directory `/home/tt/Bureau/4vet_01/Samples/Basic/build/CMakeFiles/CMakeTmp'
Building CXX object CMakeFiles/cmTC_dfcc1.dir/CMakeCXXCompilerABI.cpp.o
/usr/bin/g++     -o CMakeFiles/cmTC_dfcc1.dir/CMakeCXXCompilerABI.cpp.o -c /usr/local/share/cmake-3.3/Modules/CMakeCXXCompilerABI.cpp
Linking CXX executable cmTC_dfcc1
/usr/local/bin/cmake -E cmake_link_script CMakeFiles/cmTC_dfcc1.dir/link.txt --verbose=1
/usr/bin/g++       -v CMakeFiles/cmTC_dfcc1.dir/CMakeCXXCompilerABI.cpp.o  -o cmTC_dfcc1 -rdynamic  
Using built-in specs.
COLLECT_GCC=/usr/bin/g++
COLLECT_LTO_WRAPPER=/usr/lib/gcc/i686-linux-gnu/4.6/lto-wrapper
Target: i686-linux-gnu
Configured with: ../src/configure -v --with-pkgversion='Ubuntu/Linaro 4.6.3-1ubuntu5' --with-bugurl=file:///usr/share/doc/gcc-4.6/README.Bugs --enable-languages=c,c++,fortran,objc,obj-c++ --prefix=/usr --program-suffix=-4.6 --enable-shared --enable-linker-build-id --with-system-zlib --libexecdir=/usr/lib --without-included-gettext --enable-threads=posix --with-gxx-include-dir=/usr/include/c++/4.6 --libdir=/usr/lib --enable-nls --with-sysroot=/ --enable-clocale=gnu --enable-libstdcxx-debug --enable-libstdcxx-time=yes --enable-gnu-unique-object --enable-plugin --enable-objc-gc --enable-targets=all --disable-werror --with-arch-32=i686 --with-tune=generic --enable-checking=release --build=i686-linux-gnu --host=i686-linux-gnu --target=i686-linux-gnu
Thread model: posix
gcc version 4.6.3 (Ubuntu/Linaro 4.6.3-1ubuntu5) 
COMPILER_PATH=/usr/lib/gcc/i686-linux-gnu/4.6/:/usr/lib/gcc/i686-linux-gnu/4.6/:/usr/lib/gcc/i686-linux-gnu/:/usr/lib/gcc/i686-linux-gnu/4.6/:/usr/lib/gcc/i686-linux-gnu/
LIBRARY_PATH=/usr/lib/gcc/i686-linux-gnu/4.6/:/usr/lib/gcc/i686-linux-gnu/4.6/../../../i386-linux-gnu/:/usr/lib/gcc/i686-linux-gnu/4.6/../../../../lib/:/lib/i386-linux-gnu/:/lib/../lib/:/usr/lib/i386-linux-gnu/:/usr/lib/../lib/:/usr/lib/gcc/i686-linux-gnu/4.6/../../../:/lib/:/usr/lib/
COLLECT_GCC_OPTIONS='-v' '-o' 'cmTC_dfcc1' '-rdynamic' '-shared-libgcc' '-mtune=generic' '-march=i686'
 /usr/lib/gcc/i686-linux-gnu/4.6/collect2 --sysroot=/ --build-id --no-add-needed --as-needed --eh-frame-hdr -m elf_i386 --hash-style=gnu -export-dynamic -dynamic-linker /lib/ld-linux.so.2 -z relro -o cmTC_dfcc1 /usr/lib/gcc/i686-linux-gnu/4.6/../../../i386-linux-gnu/crt1.o /usr/lib/gcc/i686-linux-gnu/4.6/../../../i386-linux-gnu/crti.o /usr/lib/gcc/i686-linux-gnu/4.6/crtbegin.o -L/usr/lib/gcc/i686-linux-gnu/4.6 -L/usr/lib/gcc/i686-linux-gnu/4.6/../../../i386-linux-gnu -L/usr/lib/gcc/i686-linux-gnu/4.6/../../../../lib -L/lib/i386-linux-gnu -L/lib/../lib -L/usr/lib/i386-linux-gnu -L/usr/lib/../lib -L/usr/lib/gcc/i686-linux-gnu/4.6/../../.. CMakeFiles/cmTC_dfcc1.dir/CMakeCXXCompilerABI.cpp.o -lstdc++ -lm -lgcc_s -lgcc -lc -lgcc_s -lgcc /usr/lib/gcc/i686-linux-gnu/4.6/crtend.o /usr/lib/gcc/i686-linux-gnu/4.6/../../../i386-linux-gnu/crtn.o
make[1]: Leaving directory `/home/tt/Bureau/4vet_01/Samples/Basic/build/CMakeFiles/CMakeTmp'


Parsed CXX implicit link information from above output:
  link line regex: [^( *|.*[/\])(ld|([^/\]+-)?ld|collect2)[^/\]*( |$)]
  ignore line: [Change Dir: /home/tt/Bureau/4vet_01/Samples/Basic/build/CMakeFiles/CMakeTmp]
  ignore line: []
  ignore line: [Run Build Command:"/usr/bin/make" "cmTC_dfcc1/fast"]
  ignore line: [/usr/bin/make -f CMakeFiles/cmTC_dfcc1.dir/build.make CMakeFiles/cmTC_dfcc1.dir/build]
  ignore line: [make[1]: Entering directory `/home/tt/Bureau/4vet_01/Samples/Basic/build/CMakeFiles/CMakeTmp']
  ignore line: [Building CXX object CMakeFiles/cmTC_dfcc1.dir/CMakeCXXCompilerABI.cpp.o]
  ignore line: [/usr/bin/g++     -o CMakeFiles/cmTC_dfcc1.dir/CMakeCXXCompilerABI.cpp.o -c /usr/local/share/cmake-3.3/Modules/CMakeCXXCompilerABI.cpp]
  ignore line: [Linking CXX executable cmTC_dfcc1]
  ignore line: [/usr/local/bin/cmake -E cmake_link_script CMakeFiles/cmTC_dfcc1.dir/link.txt --verbose=1]
  ignore line: [/usr/bin/g++       -v CMakeFiles/cmTC_dfcc1.dir/CMakeCXXCompilerABI.cpp.o  -o cmTC_dfcc1 -rdynamic  ]
  ignore line: [Using built-in specs.]
  ignore line: [COLLECT_GCC=/usr/bin/g++]
  ignore line: [COLLECT_LTO_WRAPPER=/usr/lib/gcc/i686-linux-gnu/4.6/lto-wrapper]
  ignore line: [Target: i686-linux-gnu]
  ignore line: [Configured with: ../src/configure -v --with-pkgversion='Ubuntu/Linaro 4.6.3-1ubuntu5' --with-bugurl=file:///usr/share/doc/gcc-4.6/README.Bugs --enable-languages=c,c++,fortran,objc,obj-c++ --prefix=/usr --program-suffix=-4.6 --enable-shared --enable-linker-build-id --with-system-zlib --libexecdir=/usr/lib --without-included-gettext --enable-threads=posix --with-gxx-include-dir=/usr/include/c++/4.6 --libdir=/usr/lib --enable-nls --with-sysroot=/ --enable-clocale=gnu --enable-libstdcxx-debug --enable-libstdcxx-time=yes --enable-gnu-unique-object --enable-plugin --enable-objc-gc --enable-targets=all --disable-werror --with-arch-32=i686 --with-tune=generic --enable-checking=release --build=i686-linux-gnu --host=i686-linux-gnu --target=i686-linux-gnu]
  ignore line: [Thread model: posix]
  ignore line: [gcc version 4.6.3 (Ubuntu/Linaro 4.6.3-1ubuntu5) ]
  ignore line: [COMPILER_PATH=/usr/lib/gcc/i686-linux-gnu/4.6/:/usr/lib/gcc/i686-linux-gnu/4.6/:/usr/lib/gcc/i686-linux-gnu/:/usr/lib/gcc/i686-linux-gnu/4.6/:/usr/lib/gcc/i686-linux-gnu/]
  ignore line: [LIBRARY_PATH=/usr/lib/gcc/i686-linux-gnu/4.6/:/usr/lib/gcc/i686-linux-gnu/4.6/../../../i386-linux-gnu/:/usr/lib/gcc/i686-linux-gnu/4.6/../../../../lib/:/lib/i386-linux-gnu/:/lib/../lib/:/usr/lib/i386-linux-gnu/:/usr/lib/../lib/:/usr/lib/gcc/i686-linux-gnu/4.6/../../../:/lib/:/usr/lib/]
  ignore line: [COLLECT_GCC_OPTIONS='-v' '-o' 'cmTC_dfcc1' '-rdynamic' '-shared-libgcc' '-mtune=generic' '-march=i686']
  link line: [ /usr/lib/gcc/i686-linux-gnu/4.6/collect2 --sysroot=/ --build-id --no-add-needed --as-needed --eh-frame-hdr -m elf_i386 --hash-style=gnu -export-dynamic -dynamic-linker /lib/ld-linux.so.2 -z relro -o cmTC_dfcc1 /usr/lib/gcc/i686-linux-gnu/4.6/../../../i386-linux-gnu/crt1.o /usr/lib/gcc/i686-linux-gnu/4.6/../../../i386-linux-gnu/crti.o /usr/lib/gcc/i686-linux-gnu/4.6/crtbegin.o -L/usr/lib/gcc/i686-linux-gnu/4.6 -L/usr/lib/gcc/i686-linux-gnu/4.6/../../../i386-linux-gnu -L/usr/lib/gcc/i686-linux-gnu/4.6/../../../../lib -L/lib/i386-linux-gnu -L/lib/../lib -L/usr/lib/i386-linux-gnu -L/usr/lib/../lib -L/usr/lib/gcc/i686-linux-gnu/4.6/../../.. CMakeFiles/cmTC_dfcc1.dir/CMakeCXXCompilerABI.cpp.o -lstdc++ -lm -lgcc_s -lgcc -lc -lgcc_s -lgcc /usr/lib/gcc/i686-linux-gnu/4.6/crtend.o /usr/lib/gcc/i686-linux-gnu/4.6/../../../i386-linux-gnu/crtn.o]
    arg [/usr/lib/gcc/i686-linux-gnu/4.6/collect2] ==> ignore
    arg [--sysroot=/] ==> ignore
    arg [--build-id] ==> ignore
    arg [--no-add-needed] ==> ignore
    arg [--as-needed] ==> ignore
    arg [--eh-frame-hdr] ==> ignore
    arg [-m] ==> ignore
    arg [elf_i386] ==> ignore
    arg [--hash-style=gnu] ==> ignore
    arg [-export-dynamic] ==> ignore
    arg [-dynamic-linker] ==> ignore
    arg [/lib/ld-linux.so.2] ==> ignore
    arg [-zrelro] ==> ignore
    arg [-o] ==> ignore
    arg [cmTC_dfcc1] ==> ignore
    arg [/usr/lib/gcc/i686-linux-gnu/4.6/../../../i386-linux-gnu/crt1.o] ==> ignore
    arg [/usr/lib/gcc/i686-linux-gnu/4.6/../../../i386-linux-gnu/crti.o] ==> ignore
    arg [/usr/lib/gcc/i686-linux-gnu/4.6/crtbegin.o] ==> ignore
    arg [-L/usr/lib/gcc/i686-linux-gnu/4.6] ==> dir [/usr/lib/gcc/i686-linux-gnu/4.6]
    arg [-L/usr/lib/gcc/i686-linux-gnu/4.6/../../../i386-linux-gnu] ==> dir [/usr/lib/gcc/i686-linux-gnu/4.6/../../../i386-linux-gnu]
    arg [-L/usr/lib/gcc/i686-linux-gnu/4.6/../../../../lib] ==> dir [/usr/lib/gcc/i686-linux-gnu/4.6/../../../../lib]
    arg [-L/lib/i386-linux-gnu] ==> dir [/lib/i386-linux-gnu]
    arg [-L/lib/../lib] ==> dir [/lib/../lib]
    arg [-L/usr/lib/i386-linux-gnu] ==> dir [/usr/lib/i386-linux-gnu]
    arg [-L/usr/lib/../lib] ==> dir [/usr/lib/../lib]
    arg [-L/usr/lib/gcc/i686-linux-gnu/4.6/../../..] ==> dir [/usr/lib/gcc/i686-linux-gnu/4.6/../../..]
    arg [CMakeFiles/cmTC_dfcc1.dir/CMakeCXXCompilerABI.cpp.o] ==> ignore
    arg [-lstdc++] ==> lib [stdc++]
    arg [-lm] ==> lib [m]
    arg [-lgcc_s] ==> lib [gcc_s]
    arg [-lgcc] ==> lib [gcc]
    arg [-lc] ==> lib [c]
    arg [-lgcc_s] ==> lib [gcc_s]
    arg [-lgcc] ==> lib [gcc]
    arg [/usr/lib/gcc/i686-linux-gnu/4.6/crtend.o] ==> ignore
    arg [/usr/lib/gcc/i686-linux-gnu/4.6/../../../i386-linux-gnu/crtn.o] ==> ignore
  remove lib [gcc_s]
  remove lib [gcc]
  remove lib [gcc_s]
  remove lib [gcc]
  collapse library dir [/usr/lib/gcc/i686-linux-gnu/4.6] ==> [/usr/lib/gcc/i686-linux-gnu/4.6]
  collapse library dir [/usr/lib/gcc/i686-linux-gnu/4.6/../../../i386-linux-gnu] ==> [/usr/lib/i386-linux-gnu]
  collapse library dir [/usr/lib/gcc/i686-linux-gnu/4.6/../../../../lib] ==> [/usr/lib]
  collapse library dir [/lib/i386-linux-gnu] ==> [/lib/i386-linux-gnu]
  collapse library dir [/lib/../lib] ==> [/lib]
  collapse library dir [/usr/lib/i386-linux-gnu] ==> [/usr/lib/i386-linux-gnu]
  collapse library dir [/usr/lib/../lib] ==> [/usr/lib]
  collapse library dir [/usr/lib/gcc/i686-linux-gnu/4.6/../../..] ==> [/usr/lib]
  implicit libs: [stdc++;m;c]
  implicit dirs: [/usr/lib/gcc/i686-linux-gnu/4.6;/usr/lib/i386-linux-gnu;/usr/lib;/lib/i386-linux-gnu;/lib]
  implicit fwks: []




Detecting CXX [-std=c++0x] compiler features compiled with the following output:
Change Dir: /home/tt/Bureau/4vet_01/Samples/Basic/build/CMakeFiles/CMakeTmp

Run Build Command:"/usr/bin/make" "cmTC_5368c/fast"
/usr/bin/make -f CMakeFiles/cmTC_5368c.dir/build.make CMakeFiles/cmTC_5368c.dir/build
make[1]: Entering directory `/home/tt/Bureau/4vet_01/Samples/Basic/build/CMakeFiles/CMakeTmp'
Building CXX object CMakeFiles/cmTC_5368c.dir/feature_tests.cxx.o
/usr/bin/g++    -std=c++0x -o CMakeFiles/cmTC_5368c.dir/feature_tests.cxx.o -c /home/tt/Bureau/4vet_01/Samples/Basic/build/CMakeFiles/feature_tests.cxx
Linking CXX executable cmTC_5368c
/usr/local/bin/cmake -E cmake_link_script CMakeFiles/cmTC_5368c.dir/link.txt --verbose=1
/usr/bin/g++        CMakeFiles/cmTC_5368c.dir/feature_tests.cxx.o  -o cmTC_5368c -rdynamic 
make[1]: Leaving directory `/home/tt/Bureau/4vet_01/Samples/Basic/build/CMakeFiles/CMakeTmp'


    Feature record: CXX_FEATURE:0cxx_aggregate_default_initializers
    Feature record: CXX_FEATURE:0cxx_alias_templates
    Feature record: CXX_FEATURE:0cxx_alignas
    Feature record: CXX_FEATURE:0cxx_alignof
    Feature record: CXX_FEATURE:0cxx_attributes
    Feature record: CXX_FEATURE:0cxx_attribute_deprecated
    Feature record: CXX_FEATURE:1cxx_auto_type
    Feature record: CXX_FEATURE:0cxx_binary_literals
    Feature record: CXX_FEATURE:1cxx_constexpr
    Feature record: CXX_FEATURE:0cxx_contextual_conversions
    Feature record: CXX_FEATURE:1cxx_decltype
    Feature record: CXX_FEATURE:0cxx_decltype_auto
    Feature record: CXX_FEATURE:0cxx_decltype_incomplete_return_types
    Feature record: CXX_FEATURE:1cxx_default_function_template_args
    Feature record: CXX_FEATURE:1cxx_defaulted_functions
    Feature record: CXX_FEATURE:1cxx_defaulted_move_initializers
    Feature record: CXX_FEATURE:0cxx_delegating_constructors
    Feature record: CXX_FEATURE:1cxx_deleted_functions
    Feature record: CXX_FEATURE:0cxx_digit_separators
    Feature record: CXX_FEATURE:1cxx_enum_forward_declarations
    Feature record: CXX_FEATURE:1cxx_explicit_conversions
    Feature record: CXX_FEATURE:0cxx_extended_friend_declarations
    Feature record: CXX_FEATURE:1cxx_extern_templates
    Feature record: CXX_FEATURE:0cxx_final
    Feature record: CXX_FEATURE:1cxx_func_identifier
    Feature record: CXX_FEATURE:1cxx_generalized_initializers
    Feature record: CXX_FEATURE:0cxx_generic_lambdas
    Feature record: CXX_FEATURE:0cxx_inheriting_constructors
    Feature record: CXX_FEATURE:1cxx_inline_namespaces
    Feature record: CXX_FEATURE:1cxx_lambdas
    Feature record: CXX_FEATURE:0cxx_lambda_init_captures
    Feature record: CXX_FEATURE:1cxx_local_type_template_args
    Feature record: CXX_FEATURE:1cxx_long_long_type
    Feature record: CXX_FEATURE:1cxx_noexcept
    Feature record: CXX_FEATURE:0cxx_nonstatic_member_init
    Feature record: CXX_FEATURE:1cxx_nullptr
    Feature record: CXX_FEATURE:0cxx_override
    Feature record: CXX_FEATURE:1cxx_range_for
    Feature record: CXX_FEATURE:1cxx_raw_string_literals
    Feature record: CXX_FEATURE:0cxx_reference_qualified_functions
    Feature record: CXX_FEATURE:0cxx_relaxed_constexpr
    Feature record: CXX_FEATURE:0cxx_return_type_deduction
    Feature record: CXX_FEATURE:1cxx_right_angle_brackets
    Feature record: CXX_FEATURE:1cxx_rvalue_references
    Feature record: CXX_FEATURE:1cxx_sizeof_member
    Feature record: CXX_FEATURE:1cxx_static_assert
    Feature record: CXX_FEATURE:1cxx_strong_enums
    Feature record: CXX_FEATURE:1cxx_template_template_parameters
    Feature record: CXX_FEATURE:0cxx_thread_local
    Feature record: CXX_FEATURE:1cxx_trailing_return_types
    Feature record: CXX_FEATURE:1cxx_unicode_literals
    Feature record: CXX_FEATURE:1cxx_uniform_initialization
    Feature record: CXX_FEATURE:1cxx_unrestricted_unions
    Feature record: CXX_FEATURE:0cxx_user_literals
    Feature record: CXX_FEATURE:0cxx_variable_templates
    Feature record: CXX_FEATURE:1cxx_variadic_macros
    Feature record: CXX_FEATURE:1cxx_variadic_templates


Detecting CXX [-std=c++98] compiler features compiled with the following output:
Change Dir: /home/tt/Bureau/4vet_01/Samples/Basic/build/CMakeFiles/CMakeTmp

Run Build Command:"/usr/bin/make" "cmTC_ddce6/fast"
/usr/bin/make -f CMakeFiles/cmTC_ddce6.dir/build.make CMakeFiles/cmTC_ddce6.dir/build
make[1]: Entering directory `/home/tt/Bureau/4vet_01/Samples/Basic/build/CMakeFiles/CMakeTmp'
Building CXX object CMakeFiles/cmTC_ddce6.dir/feature_tests.cxx.o
/usr/bin/g++    -std=c++98 -o CMakeFiles/cmTC_ddce6.dir/feature_tests.cxx.o -c /home/tt/Bureau/4vet_01/Samples/Basic/build/CMakeFiles/feature_tests.cxx
Linking CXX executable cmTC_ddce6
/usr/local/bin/cmake -E cmake_link_script CMakeFiles/cmTC_ddce6.dir/link.txt --verbose=1
/usr/bin/g++        CMakeFiles/cmTC_ddce6.dir/feature_tests.cxx.o  -o cmTC_ddce6 -rdynamic 
make[1]: Leaving directory `/home/tt/Bureau/4vet_01/Samples/Basic/build/CMakeFiles/CMakeTmp'


    Feature record: CXX_FEATURE:0cxx_aggregate_default_initializers
    Feature record: CXX_FEATURE:0cxx_alias_templates
    Feature record: CXX_FEATURE:0cxx_alignas
    Feature record: CXX_FEATURE:0cxx_alignof
    Feature record: CXX_FEATURE:0cxx_attributes
    Feature record: CXX_FEATURE:0cxx_attribute_deprecated
    Feature record: CXX_FEATURE:0cxx_auto_type
    Feature record: CXX_FEATURE:0cxx_binary_literals
    Feature record: CXX_FEATURE:0cxx_constexpr
    Feature record: CXX_FEATURE:0cxx_contextual_conversions
    Feature record: CXX_FEATURE:0cxx_decltype
    Feature record: CXX_FEATURE:0cxx_decltype_auto
    Feature record: CXX_FEATURE:0cxx_decltype_incomplete_return_types
    Feature record: CXX_FEATURE:0cxx_default_function_template_args
    Feature record: CXX_FEATURE:0cxx_defaulted_functions
    Feature record: CXX_FEATURE:0cxx_defaulted_move_initializers
    Feature record: CXX_FEATURE:0cxx_delegating_constructors
    Feature record: CXX_FEATURE:0cxx_deleted_functions
    Feature record: CXX_FEATURE:0cxx_digit_separators
    Feature record: CXX_FEATURE:0cxx_enum_forward_declarations
    Feature record: CXX_FEATURE:0cxx_explicit_conversions
    Feature record: CXX_FEATURE:0cxx_extended_friend_declarations
    Feature record: CXX_FEATURE:0cxx_extern_templates
    Feature record: CXX_FEATURE:0cxx_final
    Feature record: CXX_FEATURE:0cxx_func_identifier
    Feature record: CXX_FEATURE:0cxx_generalized_initializers
    Feature record: CXX_FEATURE:0cxx_generic_lambdas
    Feature record: CXX_FEATURE:0cxx_inheriting_constructors
    Feature record: CXX_FEATURE:0cxx_inline_namespaces
    Feature record: CXX_FEATURE:0cxx_lambdas
    Feature record: CXX_FEATURE:0cxx_lambda_init_captures
    Feature record: CXX_FEATURE:0cxx_local_type_template_args
    Feature record: CXX_FEATURE:0cxx_long_long_type
    Feature record: CXX_FEATURE:0cxx_noexcept
    Feature record: CXX_FEATURE:0cxx_nonstatic_member_init
    Feature record: CXX_FEATURE:0cxx_nullptr
    Feature record: CXX_FEATURE:0cxx_override
    Feature record: CXX_FEATURE:0cxx_range_for
    Feature record: CXX_FEATURE:0cxx_raw_string_literals
    Feature record: CXX_FEATURE:0cxx_reference_qualified_functions
    Feature record: CXX_FEATURE:0cxx_relaxed_constexpr
    Feature record: CXX_FEATURE:0cxx_return_type_deduction
    Feature record: CXX_FEATURE:0cxx_right_angle_brackets
    Feature record: CXX_FEATURE:0cxx_rvalue_references
    Feature record: CXX_FEATURE:0cxx_sizeof_member
    Feature record: CXX_FEATURE:0cxx_static_assert
    Feature record: CXX_FEATURE:0cxx_strong_enums
    Feature record: CXX_FEATURE:1cxx_template_template_parameters
    Feature record: CXX_FEATURE:0cxx_thread_local
    Feature record: CXX_FEATURE:0cxx_trailing_return_types
    Feature record: CXX_FEATURE:0cxx_unicode_literals
    Feature record: CXX_FEATURE:0cxx_uniform_initialization
    Feature record: CXX_FEATURE:0cxx_unrestricted_unions
    Feature record: CXX_FEATURE:0cxx_user_literals
    Feature record: CXX_FEATURE:0cxx_variable_templates
    Feature record: CXX_FEATURE:0cxx_variadic_macros
    Feature record: CXX_FEATURE:0cxx_variadic_templates
Determining if files uuid/uuid.h exist passed with the following output:
Change Dir: /home/tt/Bureau/4vet_01/Samples/Basic/build/CMakeFiles/CMakeTmp

Run Build Command:"/usr/bin/make" "cmTC_47745/fast"
/usr/bin/make -f CMakeFiles/cmTC_47745.dir/build.make CMakeFiles/cmTC_47745.dir/build
make[1]: Entering directory `/home/tt/Bureau/4vet_01/Samples/Basic/build/CMakeFiles/CMakeTmp'
Building C object CMakeFiles/cmTC_47745.dir/CheckIncludeFiles.c.o
/usr/bin/gcc   -Wall -pedantic -Wall -Wno-long-long -Wno-implicit-function-declaration    -o CMakeFiles/cmTC_47745.dir/CheckIncludeFiles.c.o   -c /home/tt/Bureau/4vet_01/Samples/Basic/build/CMakeFiles/CMakeTmp/CheckIncludeFiles.c
Linking C executable cmTC_47745
/usr/local/bin/cmake -E cmake_link_script CMakeFiles/cmTC_47745.dir/link.txt --verbose=1
/usr/bin/gcc   -Wall -pedantic -Wall -Wno-long-long -Wno-implicit-function-declaration     CMakeFiles/cmTC_47745.dir/CheckIncludeFiles.c.o  -o cmTC_47745 -rdynamic 
make[1]: Leaving directory `/home/tt/Bureau/4vet_01/Samples/Basic/build/CMakeFiles/CMakeTmp'


